This is pdfTeX, Version 3.14159265-2.6-1.40.19 (MiKTeX 2.9.6700 64-bit) (preloaded format=pdflatex 2018.5.15)  14 JAN 2019 21:38
entering extended mode
**./1diskapak.tex
(1diskapak.tex
LaTeX2e <2017-04-15>
Babel <3.18> and hyphenation patterns for 77 language(s) loaded.

! LaTeX Error: Environment figure undefined.

See the LaTeX manual or LaTeX Companion for explanation.
Type  H <return>  for immediate help.
 ...                                              
                                                  
l.2 \begin{figure}
                  [H]
Your command was ignored.
Type  I <command> <return>  to replace it with another command,
or  <return>  to continue without it.


! LaTeX Error: Missing \begin{document}.

See the LaTeX manual or LaTeX Companion for explanation.
Type  H <return>  for immediate help.
 ...                                              
                                                  
l.2 \begin{figure}[
                   H]
You're in trouble here.  Try typing  <return>  to proceed.
If that doesn't work, type  X <return>  to quit.

Missing character: There is no [ in font nullfont!
Missing character: There is no H in font nullfont!
Missing character: There is no ] in font nullfont!
! Undefined control sequence.
l.4 \includegraphics
                    [scale=0.2]{logomuz}
The control sequence at the end of the top line
of your error message was never \def'ed. If you have
misspelled it (e.g., `\hobx'), type `I' and the correct
spelling (e.g., `I\hbox'). Otherwise just continue,
and I'll forget about whatever was undefined.

Missing character: There is no [ in font nullfont!
Missing character: There is no s in font nullfont!
Missing character: There is no c in font nullfont!
Missing character: There is no a in font nullfont!
Missing character: There is no l in font nullfont!
Missing character: There is no e in font nullfont!
Missing character: There is no = in font nullfont!
Missing character: There is no 0 in font nullfont!
Missing character: There is no . in font nullfont!
Missing character: There is no 2 in font nullfont!
Missing character: There is no ] in font nullfont!
Missing character: There is no l in font nullfont!
Missing character: There is no o in font nullfont!
Missing character: There is no g in font nullfont!
Missing character: There is no o in font nullfont!
Missing character: There is no m in font nullfont!
Missing character: There is no u in font nullfont!
Missing character: There is no z in font nullfont!

! LaTeX Error: \begin{document} ended by \end{figure}.

See the LaTeX manual or LaTeX Companion for explanation.
Type  H <return>  for immediate help.
 ...                                              
                                                  
l.6 \end{figure}
                
Your command was ignored.
Type  I <command> <return>  to replace it with another command,
or  <return>  to continue without it.


Overfull \hbox (20.0pt too wide) in paragraph at lines 2--8
[]
 []


Overfull \hbox (22.69432pt too wide) in paragraph at lines 9--9
 \OT1/cmr/bx/n/10 T.C. 
 []

Missing character: There is no Ý in font cmbx10!
Missing character: There is no Ý in font cmbx10!
Missing character: There is no Þ in font cmbx10!
Missing character: There is no Ý in font cmbx10!
Missing character: There is no Ü in font cmbx10!
Missing character: There is no Ý in font cmbx10!
Missing character: There is no Ý in font cmbx10!
Missing character: There is no Ý in font cmbx10!

Overfull \hbox (39.972pt too wide) in paragraph at lines 10--10
 []\OT1/cmr/bx/n/10 BLECK 
 []


Overfull \hbox (25.24986pt too wide) in paragraph at lines 10--10
 \OT1/cmr/bx/n/10 EYH 
 []


Overfull \hbox (27.76373pt too wide) in paragraph at lines 10--10
 \OT1/cmr/bx/n/10 EDE- 
 []


Overfull \hbox (23.79153pt too wide) in paragraph at lines 10--10
 \OT1/cmr/bx/n/10 BAL 
 []


Overfull \hbox (37.70813pt too wide) in paragraph at lines 10--10
 \OT1/cmr/bx/n/10 NVER- 
 []


Overfull \hbox (28.33318pt too wide) in paragraph at lines 10--10
 \OT1/cmr/bx/n/10 STES 
 []

Missing character: There is no Ü in font cmbx10!
Missing character: There is no Ý in font cmbx10!
Missing character: There is no Ý in font cmbx10!
Missing character: There is no Ü in font cmbx10!
Missing character: There is no Ý in font cmbx10!

Overfull \hbox (67.61075pt too wide) in paragraph at lines 11--12
 []\OT1/cmr/bx/n/10 MHENDSLK 
 []


Overfull \hbox (51.56915pt too wide) in paragraph at lines 11--12
 \OT1/cmr/bx/n/10 FAKLTES 
 []

Missing character: There is no Ý in font cmbx10!
Missing character: There is no Ý in font cmbx10!
Missing character: There is no Ü in font cmbx10!
Missing character: There is no Ý in font cmbx10!
Missing character: There is no Ý in font cmbx10!
Missing character: There is no Ð in font cmbx10!
Missing character: There is no Ý in font cmbx10!
Missing character: There is no Ö in font cmbx10!
Missing character: There is no Ü in font cmbx10!
Missing character: There is no Ü in font cmbx10!

Overfull \hbox (63.31909pt too wide) in paragraph at lines 13--14
 []\OT1/cmr/bx/n/10 BLGSAYAR 
 []


Overfull \hbox (58.59691pt too wide) in paragraph at lines 13--14
 \OT1/cmr/bx/n/10 MHENDSL 
 []


Overfull \hbox (26.01375pt too wide) in paragraph at lines 13--14
 \OT1/cmr/bx/n/10 BLM 
 []


Overfull \hbox (20.0pt too wide) in paragraph at lines 17--17
[] 
 []

Missing character: There is no ö in font cmbx10!

Overfull \hbox (40.84834pt too wide) in paragraph at lines 18--19
 \OT1/cmr/bx/n/10 Hastane 
 []


Overfull \hbox (24.18738pt too wide) in paragraph at lines 18--19
 \OT1/cmr/bx/n/10 Yne- 
 []


Overfull \hbox (17.24991pt too wide) in paragraph at lines 18--19
 \OT1/cmr/bx/n/10 tim 
 []


Overfull \hbox (11.02078pt too wide) in paragraph at lines 18--19
 \OT1/cmr/bx/n/10 ve 
 []


Overfull \hbox (24.43735pt too wide) in paragraph at lines 18--19
 \OT1/cmr/bx/n/10 Ran- 
 []


Overfull \hbox (24.11794pt too wide) in paragraph at lines 18--19
 \OT1/cmr/bx/n/10 devu 
 []


Overfull \hbox (56.45938pt too wide) in paragraph at lines 18--19
 \OT1/cmr/bx/n/10 Otomasyon 
 []


Overfull \hbox (22.18045pt too wide) in paragraph at lines 18--19
 \OT1/cmr/bx/n/10 Pro- 
 []


Overfull \hbox (16.51518pt too wide) in paragraph at lines 18--19
 \OT1/cmr/bx/n/10 jesi 
 []

Missing character: There is no ü in font cmbx10!

Overfull \hbox (20.01378pt too wide) in paragraph at lines 20--21
 []\OT1/cmr/bx/n/10 Eyp 
 []


Overfull \hbox (34.8123pt too wide) in paragraph at lines 20--21
 \OT1/cmr/bx/n/10 Furkan 
 []


Overfull \hbox (48.38863pt too wide) in paragraph at lines 20--21
 \OT1/cmr/bx/n/10 ARIKAN 
 []

Missing character: There is no Ç in font cmbx10!
Missing character: There is no Þ in font cmbx10!

Overfull \hbox (38.30534pt too wide) in paragraph at lines 22--23
 []\OT1/cmr/bx/n/10 PROJE 
 []


Overfull \hbox (4.36108pt too wide) in paragraph at lines 22--23
 \OT1/cmr/bx/n/10 I 
 []


Overfull \hbox (19.44434pt too wide) in paragraph at lines 22--23
 \OT1/cmr/bx/n/10 AL- 
 []


Overfull \hbox (8.1944pt too wide) in paragraph at lines 22--23
 \OT1/cmr/bx/n/10 I- 
 []


Overfull \hbox (30.36095pt too wide) in paragraph at lines 22--23
 \OT1/cmr/bx/n/10 MASI 
 []


Overfull \hbox (20.0pt too wide) in paragraph at lines 26--26
[] 
 []

Missing character: There is no Þ in font cmbx10!
Missing character: There is no Ö in font cmbx10!
Missing character: There is no ð in font cmbx10!
Missing character: There is no Ü in font cmbx10!

Overfull \hbox (38.30534pt too wide) in paragraph at lines 27--28
 \OT1/cmr/bx/n/10 PROJE 
 []


Overfull \hbox (4.36108pt too wide) in paragraph at lines 27--28
 \OT1/cmr/bx/n/10 I 
 []


Overfull \hbox (30.02762pt too wide) in paragraph at lines 27--28
 \OT1/cmr/bx/n/10 DAN- 
 []


Overfull \hbox (8.1944pt too wide) in paragraph at lines 27--28
 \OT1/cmr/bx/n/10 I- 
 []


Overfull \hbox (32.97205pt too wide) in paragraph at lines 27--28
 \OT1/cmr/bx/n/10 MANI 
 []


Overfull \hbox (3.19443pt too wide) in paragraph at lines 27--28
 \OT1/cmr/bx/n/10 : 
 []


Overfull \hbox (43.43173pt too wide) in paragraph at lines 27--28
 \OT1/cmr/bx/n/10 Dr.r.yesi 
 []


Overfull \hbox (27.95122pt too wide) in paragraph at lines 27--28
 \OT1/cmr/bx/n/10 Salim 
 []


Overfull \hbox (28.38873pt too wide) in paragraph at lines 27--28
 \OT1/cmr/bx/n/10 CEY- 
 []


Overfull \hbox (26.6943pt too wide) in paragraph at lines 27--28
 \OT1/cmr/bx/n/10 HAN 
 []

Missing character: There is no Ý in font cmbx10!
Missing character: There is no Ý in font cmbx10!

Overfull \hbox (39.972pt too wide) in paragraph at lines 29--29
 []\OT1/cmr/bx/n/10 BLECK 
 []

! Undefined control sequence.
<recently read> \today 
                       
l.30 \textbf{\today}
                    
The control sequence at the end of the top line
of your error message was never \def'ed. If you have
misspelled it (e.g., `\hobx'), type `I' and the correct
spelling (e.g., `I\hbox'). Otherwise just continue,
and I'll forget about whatever was undefined.

)
! Emergency stop.
<*> ./1diskapak.tex
                   
*** (job aborted, no legal \end found)

 
Here is how much of TeX's memory you used:
 12 strings out of 493290
 283 string characters out of 3125507
 55987 words of memory out of 3000000
 3666 multiletter control sequences out of 15000+200000
 3948 words of font info for 15 fonts, out of 3000000 for 9000
 1141 hyphenation exceptions out of 8191
 13i,1n,10p,88b,110s stack positions out of 5000i,500n,10000p,200000b,50000s
!  ==> Fatal error occurred, no output PDF file produced!
